build/app/intermediates/manifest_merge_blame_file/release/manifest-merger-blame-release-report.txt
1<?xml version="1.0" encoding="utf-8"?>
2<manifest xmlns:android="http://schemas.android.com/apk/res/android"
3    package="com.example.media_vault"
4    android:versionCode="1"
5    android:versionName="1.0.0" >
6
7    <uses-sdk
8        android:minSdkVersion="23"
8-->src\main\AndroidManifest.xml
9        android:targetSdkVersion="31" />
9-->src\main\AndroidManifest.xml
10
11    <uses-permission android:name="android.permission.INTERNET" />
11-->src\main\AndroidManifest.xml:4:5-66
11-->src\main\AndroidManifest.xml:4:22-64
12
13    <queries>
13-->[:flutter_inappwebview] AndroidManifest.xml:9:5-13:15
14        <intent>
14-->[:flutter_inappwebview] AndroidManifest.xml:10:9-12:18
15            <action android:name="android.support.customtabs.action.CustomTabsService" />
15-->[:flutter_inappwebview] AndroidManifest.xml:11:13-90
15-->[:flutter_inappwebview] AndroidManifest.xml:11:21-87
16        </intent>
17        <intent>
17-->[androidx.media2:media2-session:1.2.1] AndroidManifest.xml:25:9-27:18
18            <action android:name="android.media.browse.MediaBrowserService" />
18-->[androidx.media2:media2-session:1.2.1] AndroidManifest.xml:26:13-79
18-->[androidx.media2:media2-session:1.2.1] AndroidManifest.xml:26:21-76
19        </intent>
20        <intent>
20-->[androidx.media2:media2-session:1.2.1] AndroidManifest.xml:28:9-30:18
21            <action android:name="androidx.media2.session.MediaSessionService" />
21-->[androidx.media2:media2-session:1.2.1] AndroidManifest.xml:29:13-82
21-->[androidx.media2:media2-session:1.2.1] AndroidManifest.xml:29:21-79
22        </intent>
23        <intent>
23-->[androidx.media2:media2-session:1.2.1] AndroidManifest.xml:31:9-33:18
24            <action android:name="androidx.media2.session.MediaLibraryService" />
24-->[androidx.media2:media2-session:1.2.1] AndroidManifest.xml:32:13-82
24-->[androidx.media2:media2-session:1.2.1] AndroidManifest.xml:32:21-79
25        </intent>
26    </queries>
27
28    <uses-permission android:name="android.permission.ACCESS_NETWORK_STATE" />
28-->[com.google.android.exoplayer:exoplayer-core:2.18.7] AndroidManifest.xml:24:5-79
28-->[com.google.android.exoplayer:exoplayer-core:2.18.7] AndroidManifest.xml:24:22-76
29
30    <application
31        android:name="android.app.Application"
31-->src\main\AndroidManifest.xml:9:9-42
32        android:appComponentFactory="androidx.core.app.CoreComponentFactory"
32-->[androidx.core:core:1.8.0] AndroidManifest.xml:24:18-86
33        android:extractNativeLibs="false"
34        android:icon="@mipmap/ic_launcher"
34-->src\main\AndroidManifest.xml:10:9-43
35        android:label="media_vault" >
35-->src\main\AndroidManifest.xml:8:9-36
36        <activity
36-->src\main\AndroidManifest.xml:11:9-31:20
37            android:name="com.example.media_vault.MainActivity"
37-->src\main\AndroidManifest.xml:12:13-41
38            android:configChanges="orientation|keyboardHidden|keyboard|screenSize|smallestScreenSize|locale|layoutDirection|fontScale|screenLayout|density|uiMode"
38-->src\main\AndroidManifest.xml:16:13-163
39            android:exported="true"
39-->src\main\AndroidManifest.xml:13:13-36
40            android:hardwareAccelerated="true"
40-->src\main\AndroidManifest.xml:17:13-47
41            android:launchMode="singleTop"
41-->src\main\AndroidManifest.xml:14:13-43
42            android:theme="@style/LaunchTheme"
42-->src\main\AndroidManifest.xml:15:13-47
43            android:windowSoftInputMode="adjustResize" >
43-->src\main\AndroidManifest.xml:18:13-55
44
45            <!--
46                 Specifies an Android theme to apply to this Activity as soon as
47                 the Android process has started. This theme is visible to the user
48                 while the Flutter UI initializes. After that, this theme continues
49                 to determine the Window background behind the Flutter UI.
50            -->
51            <meta-data
51-->src\main\AndroidManifest.xml:23:13-26:17
52                android:name="io.flutter.embedding.android.NormalTheme"
52-->src\main\AndroidManifest.xml:24:15-70
53                android:resource="@style/NormalTheme" />
53-->src\main\AndroidManifest.xml:25:15-52
54
55            <intent-filter>
55-->src\main\AndroidManifest.xml:27:13-30:29
56                <action android:name="android.intent.action.MAIN" />
56-->src\main\AndroidManifest.xml:28:17-68
56-->src\main\AndroidManifest.xml:28:25-66
57
58                <category android:name="android.intent.category.LAUNCHER" />
58-->src\main\AndroidManifest.xml:29:17-76
58-->src\main\AndroidManifest.xml:29:27-74
59            </intent-filter>
60        </activity>
61        <!--
62             Don't delete the meta-data below.
63             This is used by the Flutter tool to generate GeneratedPluginRegistrant.java
64        -->
65        <meta-data
65-->src\main\AndroidManifest.xml:34:9-36:33
66            android:name="flutterEmbedding"
66-->src\main\AndroidManifest.xml:35:13-44
67            android:value="2" />
67-->src\main\AndroidManifest.xml:36:13-30
68
69        <activity
69-->[:flutter_inappwebview] AndroidManifest.xml:16:9-20:47
70            android:name="com.pichillilorenzo.flutter_inappwebview.in_app_browser.InAppBrowserActivity"
70-->[:flutter_inappwebview] AndroidManifest.xml:17:13-104
71            android:configChanges="orientation|keyboardHidden|keyboard|screenSize|locale|layoutDirection|fontScale|screenLayout|density"
71-->[:flutter_inappwebview] AndroidManifest.xml:18:13-137
72            android:exported="false"
72-->[:flutter_inappwebview] AndroidManifest.xml:19:13-37
73            android:theme="@style/AppTheme" />
73-->[:flutter_inappwebview] AndroidManifest.xml:20:13-44
74        <activity
74-->[:flutter_inappwebview] AndroidManifest.xml:21:9-24:55
75            android:name="com.pichillilorenzo.flutter_inappwebview.chrome_custom_tabs.ChromeCustomTabsActivity"
75-->[:flutter_inappwebview] AndroidManifest.xml:22:13-112
76            android:exported="false"
76-->[:flutter_inappwebview] AndroidManifest.xml:23:13-37
77            android:theme="@style/ThemeTransparent" />
77-->[:flutter_inappwebview] AndroidManifest.xml:24:13-52
78        <activity
78-->[:flutter_inappwebview] AndroidManifest.xml:25:9-28:55
79            android:name="com.pichillilorenzo.flutter_inappwebview.chrome_custom_tabs.TrustedWebActivity"
79-->[:flutter_inappwebview] AndroidManifest.xml:26:13-106
80            android:exported="false"
80-->[:flutter_inappwebview] AndroidManifest.xml:27:13-37
81            android:theme="@style/ThemeTransparent" />
81-->[:flutter_inappwebview] AndroidManifest.xml:28:13-52
82        <activity
82-->[:flutter_inappwebview] AndroidManifest.xml:29:9-33:55
83            android:name="com.pichillilorenzo.flutter_inappwebview.chrome_custom_tabs.ChromeCustomTabsActivitySingleInstance"
83-->[:flutter_inappwebview] AndroidManifest.xml:30:13-126
84            android:exported="false"
84-->[:flutter_inappwebview] AndroidManifest.xml:31:13-37
85            android:launchMode="singleInstance"
85-->[:flutter_inappwebview] AndroidManifest.xml:32:13-48
86            android:theme="@style/ThemeTransparent" />
86-->[:flutter_inappwebview] AndroidManifest.xml:33:13-52
87        <activity
87-->[:flutter_inappwebview] AndroidManifest.xml:34:9-38:55
88            android:name="com.pichillilorenzo.flutter_inappwebview.chrome_custom_tabs.TrustedWebActivitySingleInstance"
88-->[:flutter_inappwebview] AndroidManifest.xml:35:13-120
89            android:exported="false"
89-->[:flutter_inappwebview] AndroidManifest.xml:36:13-37
90            android:launchMode="singleInstance"
90-->[:flutter_inappwebview] AndroidManifest.xml:37:13-48
91            android:theme="@style/ThemeTransparent" />
91-->[:flutter_inappwebview] AndroidManifest.xml:38:13-52
92
93        <receiver
93-->[:flutter_inappwebview] AndroidManifest.xml:40:9-43:40
94            android:name="com.pichillilorenzo.flutter_inappwebview.chrome_custom_tabs.ActionBroadcastReceiver"
94-->[:flutter_inappwebview] AndroidManifest.xml:41:13-111
95            android:enabled="true"
95-->[:flutter_inappwebview] AndroidManifest.xml:42:13-35
96            android:exported="false" />
96-->[:flutter_inappwebview] AndroidManifest.xml:43:13-37
97
98        <meta-data
98-->[:flutter_inappwebview] AndroidManifest.xml:45:9-47:36
99            android:name="io.flutter.embedded_views_preview"
99-->[:flutter_inappwebview] AndroidManifest.xml:46:13-61
100            android:value="true" />
100-->[:flutter_inappwebview] AndroidManifest.xml:47:13-33
101
102        <uses-library
102-->[androidx.window:window:1.0.0-beta04] AndroidManifest.xml:25:9-27:40
103            android:name="androidx.window.extensions"
103-->[androidx.window:window:1.0.0-beta04] AndroidManifest.xml:26:13-54
104            android:required="false" />
104-->[androidx.window:window:1.0.0-beta04] AndroidManifest.xml:27:13-37
105        <uses-library
105-->[androidx.window:window:1.0.0-beta04] AndroidManifest.xml:28:9-30:40
106            android:name="androidx.window.sidecar"
106-->[androidx.window:window:1.0.0-beta04] AndroidManifest.xml:29:13-51
107            android:required="false" />
107-->[androidx.window:window:1.0.0-beta04] AndroidManifest.xml:30:13-37
108
109        <provider
109-->[androidx.emoji2:emoji2:1.2.0] AndroidManifest.xml:24:9-32:20
110            android:name="androidx.startup.InitializationProvider"
110-->[androidx.emoji2:emoji2:1.2.0] AndroidManifest.xml:25:13-67
111            android:authorities="com.example.media_vault.androidx-startup"
111-->[androidx.emoji2:emoji2:1.2.0] AndroidManifest.xml:26:13-68
112            android:exported="false" >
112-->[androidx.emoji2:emoji2:1.2.0] AndroidManifest.xml:27:13-37
113            <meta-data
113-->[androidx.emoji2:emoji2:1.2.0] AndroidManifest.xml:29:13-31:52
114                android:name="androidx.emoji2.text.EmojiCompatInitializer"
114-->[androidx.emoji2:emoji2:1.2.0] AndroidManifest.xml:30:17-75
115                android:value="androidx.startup" />
115-->[androidx.emoji2:emoji2:1.2.0] AndroidManifest.xml:31:17-49
116            <meta-data
116-->[androidx.lifecycle:lifecycle-process:2.4.1] AndroidManifest.xml:31:13-33:52
117                android:name="androidx.lifecycle.ProcessLifecycleInitializer"
117-->[androidx.lifecycle:lifecycle-process:2.4.1] AndroidManifest.xml:32:17-78
118                android:value="androidx.startup" />
118-->[androidx.lifecycle:lifecycle-process:2.4.1] AndroidManifest.xml:33:17-49
119        </provider>
120    </application>
121
122</manifest>